Students/ctg123/Project3/AR_Basic1/app/build/outputs/logs/manifest-merger-debug-report.txt
-- Merging decision tree log ---
manifest
ADDED from src\main\AndroidManifest.xml:2:1-30:12
	package
		ADDED from src\main\AndroidManifest.xml:3:7-25
		INJECTED from src\main\AndroidManifest.xml
		INJECTED from src\main\AndroidManifest.xml
	android:versionName
		ADDED from src\main\AndroidManifest.xml:5:7-32
		INJECTED from src\main\AndroidManifest.xml
		INJECTED from src\main\AndroidManifest.xml
	android:versionCode
		ADDED from src\main\AndroidManifest.xml:4:7-30
		INJECTED from src\main\AndroidManifest.xml
		INJECTED from src\main\AndroidManifest.xml
	xmlns:android
		ADDED from src\main\AndroidManifest.xml:2:11-69
uses-sdk
ADDED from src\main\AndroidManifest.xml:6:5-44
	android:targetSdkVersion
		INJECTED from src\main\AndroidManifest.xml
		INJECTED from src\main\AndroidManifest.xml
	android:minSdkVersion
		ADDED from src\main\AndroidManifest.xml:6:15-41
		INJECTED from src\main\AndroidManifest.xml
		INJECTED from src\main\AndroidManifest.xml
application
ADDED from src\main\AndroidManifest.xml:8:5-24:19
	android:label
		ADDED from src\main\AndroidManifest.xml:8:55-87
	android:icon
		ADDED from src\main\AndroidManifest.xml:8:18-54
activity#com.test.MainActivity
ADDED from src\main\AndroidManifest.xml:10:9-16:20
	android:label
		ADDED from src\main\AndroidManifest.xml:11:19-51
	android:name
		ADDED from src\main\AndroidManifest.xml:10:19-47
intent-filter#android.intent.action.MAIN+android.intent.category.LAUNCHER
ADDED from src\main\AndroidManifest.xml:12:13-15:29
action#android.intent.action.MAIN
ADDED from src\main\AndroidManifest.xml:13:17-69
	android:name
		ADDED from src\main\AndroidManifest.xml:13:25-66
category#android.intent.category.LAUNCHER
ADDED from src\main\AndroidManifest.xml:14:17-77
	android:name
		ADDED from src\main\AndroidManifest.xml:14:27-74
activity#com.test.CameraProjectActivity
ADDED from src\main\AndroidManifest.xml:17:9-68
	android:name
		ADDED from src\main\AndroidManifest.xml:17:19-56
activity#com.test.WebViewActivity
ADDED from src\main\AndroidManifest.xml:22:9-62
	android:name
		ADDED from src\main\AndroidManifest.xml:22:19-50
uses-permission#android.permission.CAMERA
ADDED from src\main\AndroidManifest.xml:25:5-65
	android:name
		ADDED from src\main\AndroidManifest.xml:25:22-62
uses-permission#android.permission.INTERNET
ADDED from src\main\AndroidManifest.xml:26:5-67
	android:name
		ADDED from src\main\AndroidManifest.xml:26:22-64
uses-feature#android.hardware.camera
ADDED from src\main\AndroidManifest.xml:28:9-64
	android:name
		ADDED from src\main\AndroidManifest.xml:28:23-61
uses-feature#android.hardware.camera.autofocus
ADDED from src\main\AndroidManifest.xml:29:10-75
	android:name
		ADDED from src\main\AndroidManifest.xml:29:24-72